<?xml version="1.0" encoding="UTF-8"?>
<testsuite name="TestSuite" time="1.738" tests="5" errors="0" skipped="0" failures="0">
  <properties>
[...]
</properties>
  <testcase name="test" classname="com.browserstack.SingleTest" time="1.738"/>
  <testcase name="test" classname="com.browserstack.SingleTest" time="3.266"/>
  <testcase name="test" classname="com.browserstack.SingleTest" time="4.059"/>
  <testcase name="test" classname="com.browserstack.SingleTest" time="6.042"/>
  <testcase name="test" classname="com.browserstack.SingleTest" time="9.823"/>
</testsuite>